2021-04-01T15:20:43+00:00 INFO openpay_woocommerce_order_status_change_custom
2021-04-01T15:20:43+00:00 INFO $old_status: on-hold
2021-04-01T15:20:43+00:00 INFO $new_status: cancelled
2021-04-01T15:20:43+00:00 INFO get_payment_method: openpay_stores
2021-04-01T15:21:53+00:00 INFO openpay_woocommerce_order_status_change_custom
2021-04-01T15:21:53+00:00 INFO $old_status: on-hold
2021-04-01T15:21:53+00:00 INFO $new_status: cancelled
2021-04-01T15:21:53+00:00 INFO get_payment_method: openpay_spei
2021-04-01T15:22:42+00:00 INFO openpay_woocommerce_order_status_change_custom
2021-04-01T15:22:42+00:00 INFO $old_status: on-hold
2021-04-01T15:22:42+00:00 INFO $new_status: cancelled
2021-04-01T15:22:42+00:00 INFO get_payment_method: openpay_stores
2021-04-01T15:23:54+00:00 INFO openpay_woocommerce_order_status_change_custom
2021-04-01T15:23:54+00:00 INFO $old_status: on-hold
2021-04-01T15:23:54+00:00 INFO $new_status: cancelled
2021-04-01T15:23:54+00:00 INFO get_payment_method: openpay_stores
2021-04-01T15:25:13+00:00 INFO openpay_woocommerce_order_status_change_custom
2021-04-01T15:25:13+00:00 INFO $old_status: on-hold
2021-04-01T15:25:13+00:00 INFO $new_status: cancelled
2021-04-01T15:25:13+00:00 INFO get_payment_method: openpay_stores
2021-04-01T15:26:47+00:00 INFO openpay_woocommerce_order_status_change_custom
2021-04-01T15:26:47+00:00 INFO $old_status: on-hold
2021-04-01T15:26:47+00:00 INFO $new_status: cancelled
2021-04-01T15:26:47+00:00 INFO get_payment_method: openpay_spei
2021-04-01T22:26:25+00:00 ERROR The api key or merchant id are invalid
